The system is: Windows - 10.0.22000 - AMD64
Compiling the C compiler identification source file "CMakeCCompilerId.c" succeeded.
Compiler: D:/VisualStudio/sreda/VC/Tools/MSVC/14.33.31629/bin/Hostx64/x64/cl.exe 
Build flags: 
Id flags:  

The output was:
0
Оптимизирующий компилятор Microsoft (R) C/C++ версии 19.33.31630 для x64
(C) Корпорация Майкрософт (Microsoft Corporation).  Все права защищены.

CMakeCCompilerId.c
Microsoft (R) Incremental Linker Version 14.33.31630.0
Copyright (C) Microsoft Corporation.  All rights reserved.

/out:CMakeCCompilerId.exe 
CMakeCCompilerId.obj 


Compilation of the C compiler identification source "CMakeCCompilerId.c" produced "CMakeCCompilerId.exe"

Compilation of the C compiler identification source "CMakeCCompilerId.c" produced "CMakeCCompilerId.obj"

The C compiler identification is MSVC, found in "C:/Users/temas/source/repos/HomeWork4/out/build/x64-debug/CMakeFiles/3.23.22060601-MSVC_2/CompilerIdC/CMakeCCompilerId.exe"

Compiling the CXX compiler identification source file "CMakeCXXCompilerId.cpp" succeeded.
Compiler: D:/VisualStudio/sreda/VC/Tools/MSVC/14.33.31629/bin/Hostx64/x64/cl.exe 
Build flags: 
Id flags:  

The output was:
0
Оптимизирующий компилятор Microsoft (R) C/C++ версии 19.33.31630 для x64
(C) Корпорация Майкрософт (Microsoft Corporation).  Все права защищены.

CMakeCXXCompilerId.cpp
Microsoft (R) Incremental Linker Version 14.33.31630.0
Copyright (C) Microsoft Corporation.  All rights reserved.

/out:CMakeCXXCompilerId.exe 
CMakeCXXCompilerId.obj 


Compilation of the CXX compiler identification source "CMakeCXXCompilerId.cpp" produced "CMakeCXXCompilerId.exe"

Compilation of the CXX compiler identification source "CMakeCXXCompilerId.cpp" produced "CMakeCXXCompilerId.obj"

The CXX compiler identification is MSVC, found in "C:/Users/temas/source/repos/HomeWork4/out/build/x64-debug/CMakeFiles/3.23.22060601-MSVC_2/CompilerIdCXX/CMakeCXXCompilerId.exe"

Detecting C compiler ABI info compiled with the following output:
Change Dir: C:/Users/temas/source/repos/HomeWork4/out/build/x64-debug/CMakeFiles/CMakeTmp

Run Build Command(s):D:\VISUALSTUDIO\SREDA\COMMON7\IDE\COMMONEXTENSIONS\Microsoft\CMake\Ninja\ninja.exe cmTC_8e394 && [1/2] Building C object CMakeFiles\cmTC_8e394.dir\CMakeCCompilerABI.c.obj
[2/2] Linking C executable cmTC_8e394.exe



Detecting CXX compiler ABI info compiled with the following output:
Change Dir: C:/Users/temas/source/repos/HomeWork4/out/build/x64-debug/CMakeFiles/CMakeTmp

Run Build Command(s):D:\VISUALSTUDIO\SREDA\COMMON7\IDE\COMMONEXTENSIONS\Microsoft\CMake\Ninja\ninja.exe cmTC_04633 && [1/2] Building CXX object CMakeFiles\cmTC_04633.dir\CMakeCXXCompilerABI.cpp.obj
[2/2] Linking CXX executable cmTC_04633.exe



